#
# A fatal error has been detected by the Java Runtime Environment:
#
#  EXCEPTION_ACCESS_VIOLATION (0xc0000005) at pc=0x0000000072310b7e, pid=12320, tid=0x00000000000000f8
#
# JRE version: OpenJDK Runtime Environment (8.0_202-b03) (build 1.8.0_202-release-1483-b03)
# Java VM: OpenJDK 64-Bit Server VM (25.202-b03 mixed mode windows-amd64 compressed oops)
# Problematic frame:
# V  [jvm.dll+0x420b7e]
#
# Failed to write core dump. Minidumps are not enabled by default on client versions of Windows
#
# If you would like to submit a bug report, please visit:
#   http://bugreport.java.com/bugreport/crash.jsp
#

---------------  T H R E A D  ---------------

Current thread (0x0000000018b19000):  JavaThread "C2 CompilerThread0" daemon [_thread_in_native, id=248, stack(0x00000000193f0000,0x00000000194f0000)]

siginfo: ExceptionCode=0xc0000005, reading address 0x0000000000000000

Registers:
RAX=0x0000000000000000, RBX=0x000000001b0560e0, RCX=0x000000000000001d, RDX=0x000000001b056080
RSP=0x00000000194ec430, RBP=0x00000000194ec640, RSI=0x000000001b0560e0, RDI=0x0000000000000142
R8 =0x0000000000000020, R9 =0x0000000000000008, R10=0x000000001de49ed0, R11=0x000000001cc248b0
R12=0x0000000000000000, R13=0x00000000194ec690, R14=0x000000001d164098, R15=0x00000000194ec820
RIP=0x0000000072310b7e, EFLAGS=0x0000000000010246

Top of Stack: (sp=0x00000000194ec430)
0x00000000194ec430:   000000001b0560e0 000000001b0560e0
0x00000000194ec440:   000000001d3b3618 0000000000045580
0x00000000194ec450:   0000000000000000 0000000072310c7c
0x00000000194ec460:   0000000000000000 0000000000000000
0x00000000194ec470:   0000000000000000 00000000726ba650
0x00000000194ec480:   0000000000000000 0000000000000000
0x00000000194ec490:   000000001d164098 00000000194ec690
0x00000000194ec4a0:   00000000000003d8 0000000000000000
0x00000000194ec4b0:   00000000194ec690 000000007232a08b
0x00000000194ec4c0:   00000000194ec640 000000001b059160
0x00000000194ec4d0:   0000000000000141 000000001db8f9a0
0x00000000194ec4e0:   00000dbb00000001 0000000000000008
0x00000000194ec4f0:   0000000000000000 000000001d163cc0
0x00000000194ec500:   0000000000000a10 0000000072327c44
0x00000000194ec510:   00000000194ec690 00000000194ec640
0x00000000194ec520:   0000000000000141 000000001d163cc0 

Instructions: (pc=0x0000000072310b7e)
0x0000000072310b5e:   48 2c 80 e1 3f 80 f9 2a 75 07 48 8b 40 08 4c 8b
0x0000000072310b6e:   18 41 0f b6 43 2c 24 1f 3c 1d 75 07 49 8b 43 08
0x0000000072310b7e:   4c 8b 18 41 0f b7 4b 2c ba ff 03 00 00 0f b7 c1
0x0000000072310b8e:   66 23 c2 ba 08 02 00 00 66 3b c2 75 38 49 8b 43 


Register to memory mapping:

RAX=0x0000000000000000 is an unknown value
RBX=0x000000001b0560e0 is an unknown value
RCX=0x000000000000001d is an unknown value
RDX=0x000000001b056080 is an unknown value
RSP=0x00000000194ec430 is pointing into the stack for thread: 0x0000000018b19000
RBP=0x00000000194ec640 is pointing into the stack for thread: 0x0000000018b19000
RSI=0x000000001b0560e0 is an unknown value
RDI=0x0000000000000142 is an unknown value
R8 =0x0000000000000020 is an unknown value
R9 =0x0000000000000008 is an unknown value
R10=0x000000001de49ed0 is an unknown value
R11=0x000000001cc248b0 is an unknown value
R12=0x0000000000000000 is an unknown value
R13=0x00000000194ec690 is pointing into the stack for thread: 0x0000000018b19000
R14=0x000000001d164098 is an unknown value
R15=0x00000000194ec820 is pointing into the stack for thread: 0x0000000018b19000


Stack: [0x00000000193f0000,0x00000000194f0000],  sp=0x00000000194ec430,  free space=1009k
Native frames: (J=compiled Java code, j=interpreted, Vv=VM code, C=native code)
V  [jvm.dll+0x420b7e]
V  [jvm.dll+0x420c7c]
V  [jvm.dll+0x43a08b]
V  [jvm.dll+0x437c44]
V  [jvm.dll+0x436f7f]
V  [jvm.dll+0x4419bb]
V  [jvm.dll+0x4442b8]
V  [jvm.dll+0x4273d2]
V  [jvm.dll+0x8215f]
V  [jvm.dll+0x82abf]
V  [jvm.dll+0x21db7f]
V  [jvm.dll+0x26f5ba]
C  [msvcr100.dll+0x21d9f]
C  [msvcr100.dll+0x21e3b]
C  [KERNEL32.DLL+0x17bd4]
C  [ntdll.dll+0x6ced1]


Current CompileTask:
C2:  23574 5315       4       java.io.WinNTFileSystem::normalize (143 bytes)


---------------  P R O C E S S  ---------------

Java Threads: ( => current thread )
  0x000000001ec85800 JavaThread "Memory manager" [_thread_blocked, id=2528, stack(0x0000000024630000,0x0000000024730000)]
  0x000000001ec87000 JavaThread "Cache worker for Build Output Cleanup Cache (C:\Users\Pooja\AndroidStudioProjects\AdminApp\.gradle\buildOutputCleanup)" [_thread_blocked, id=7084, stack(0x0000000022d60000,0x0000000022e60000)]
  0x000000001ec84000 JavaThread "pool-1-thread-1" [_thread_blocked, id=4736, stack(0x0000000022a60000,0x0000000022b60000)]
  0x000000001ec88000 JavaThread "Build operations Thread 8" [_thread_blocked, id=7468, stack(0x0000000022560000,0x0000000022660000)]
  0x000000001ec83800 JavaThread "Build operations Thread 7" [_thread_blocked, id=12628, stack(0x0000000022460000,0x0000000022560000)]
  0x000000001ec82800 JavaThread "Build operations Thread 6" [_thread_blocked, id=13144, stack(0x0000000022360000,0x0000000022460000)]
  0x000000001ec88800 JavaThread "Build operations Thread 5" [_thread_blocked, id=12824, stack(0x0000000022260000,0x0000000022360000)]
  0x000000001ec7a800 JavaThread "Build operations Thread 4" [_thread_blocked, id=11064, stack(0x0000000022160000,0x0000000022260000)]
  0x000000001ec80800 JavaThread "Build operations Thread 3" [_thread_blocked, id=1500, stack(0x0000000022060000,0x0000000022160000)]
  0x000000001ec81000 JavaThread "Build operations Thread 2" [_thread_blocked, id=6312, stack(0x0000000021f60000,0x0000000022060000)]
  0x000000001ec79800 JavaThread "Build operations" [_thread_blocked, id=4356, stack(0x0000000021e60000,0x0000000021f60000)]
  0x000000001ec7f800 JavaThread "File lock release action executor" [_thread_blocked, id=1688, stack(0x0000000021b60000,0x0000000021c60000)]
  0x000000001ec7f000 JavaThread "Cache worker for execution history cache (C:\Users\Pooja\.gradle\caches\5.4.1\executionHistory)" [_thread_blocked, id=604, stack(0x0000000021860000,0x0000000021960000)]
  0x000000001ec7e000 JavaThread "Cache worker for cache directory md-rule (C:\Users\Pooja\.gradle\caches\5.4.1\md-rule)" [_thread_blocked, id=13196, stack(0x000000001e8e0000,0x000000001e9e0000)]
  0x000000001ec7c000 JavaThread "Cache worker for cache directory md-supplier (C:\Users\Pooja\.gradle\caches\5.4.1\md-supplier)" [_thread_blocked, id=2784, stack(0x0000000020320000,0x0000000020420000)]
  0x000000001a87d800 JavaThread "Cache worker for file hash cache (C:\Users\Pooja\AndroidStudioProjects\AdminApp\.gradle\5.4.1\fileHashes)" [_thread_blocked, id=2712, stack(0x000000001fc20000,0x000000001fd20000)]
  0x000000001a87b800 JavaThread "Cache worker for journal cache (C:\Users\Pooja\.gradle\caches\journal-1)" [_thread_blocked, id=2664, stack(0x000000001c640000,0x000000001c740000)]
  0x000000001a87a800 JavaThread "File lock request listener" [_thread_in_native, id=2496, stack(0x000000001c540000,0x000000001c640000)]
  0x000000001aaf5800 JavaThread "Cache worker for file hash cache (C:\Users\Pooja\.gradle\caches\5.4.1\fileHashes)" [_thread_blocked, id=5160, stack(0x000000001c440000,0x000000001c540000)]
  0x0000000018df8000 JavaThread "Thread-9" [_thread_blocked, id=13048, stack(0x000000001c340000,0x000000001c440000)]
  0x000000001a938800 JavaThread "Stdin handler" [_thread_blocked, id=3688, stack(0x000000001c240000,0x000000001c340000)]
  0x0000000018c44000 JavaThread "Asynchronous log dispatcher for DefaultDaemonConnection: socket connection from /127.0.0.1:50188 to /127.0.0.1:50189" [_thread_blocked, id=6380, stack(0x000000001c140000,0x000000001c240000)]
  0x0000000018dfe000 JavaThread "Daemon worker" [_thread_in_native, id=12180, stack(0x000000001c040000,0x000000001c140000)]
  0x0000000018c3e800 JavaThread "Cancel handler" [_thread_blocked, id=5616, stack(0x000000001bf40000,0x000000001c040000)]
  0x000000001a846000 JavaThread "Handler for socket connection from /127.0.0.1:50188 to /127.0.0.1:50189" [_thread_in_native, id=3896, stack(0x000000001bc40000,0x000000001bd40000)]
  0x000000001a843000 JavaThread "Daemon" [_thread_blocked, id=2412, stack(0x000000001bb40000,0x000000001bc40000)]
  0x0000000019a1f000 JavaThread "Daemon periodic checks" [_thread_blocked, id=12368, stack(0x000000001ba40000,0x000000001bb40000)]
  0x0000000019b46800 JavaThread "Incoming local TCP Connector on port 50188" [_thread_in_native, id=1836, stack(0x000000001b800000,0x000000001b900000)]
  0x000000001af13800 JavaThread "Daemon health stats" [_thread_blocked, id=3748, stack(0x000000001b1c0000,0x000000001b2c0000)]
  0x0000000018ba0800 JavaThread "Service Thread" daemon [_thread_blocked, id=12304, stack(0x00000000197f0000,0x00000000198f0000)]
  0x0000000018b4e000 JavaThread "C1 CompilerThread3" daemon [_thread_blocked, id=6824, stack(0x00000000196f0000,0x00000000197f0000)]
  0x0000000016d2d000 JavaThread "C2 CompilerThread2" daemon [_thread_blocked, id=6856, stack(0x00000000195f0000,0x00000000196f0000)]
  0x0000000018b20800 JavaThread "C2 CompilerThread1" daemon [_thread_blocked, id=12228, stack(0x00000000194f0000,0x00000000195f0000)]
=>0x0000000018b19000 JavaThread "C2 CompilerThread0" daemon [_thread_in_native, id=248, stack(0x00000000193f0000,0x00000000194f0000)]
  0x0000000018b26000 JavaThread "Attach Listener" daemon [_thread_blocked, id=13120, stack(0x00000000192f0000,0x00000000193f0000)]
  0x0000000018b25000 JavaThread "Signal Dispatcher" daemon [_thread_blocked, id=10604, stack(0x00000000191f0000,0x00000000192f0000)]
  0x0000000002f5b800 JavaThread "Finalizer" daemon [_thread_blocked, id=12196, stack(0x0000000018ff0000,0x00000000190f0000)]
  0x0000000018b10800 JavaThread "Reference Handler" daemon [_thread_blocked, id=10540, stack(0x0000000018ef0000,0x0000000018ff0000)]
  0x0000000002e5e000 JavaThread "main" [_thread_blocked, id=7088, stack(0x0000000002c60000,0x0000000002d60000)]

Other Threads:
  0x0000000016d16800 VMThread [stack: 0x00000000189f0000,0x0000000018af0000] [id=11664]
  0x0000000018ba1800 WatcherThread [stack: 0x00000000198f0000,0x00000000199f0000] [id=11384]

VM state:not at safepoint (normal execution)

VM Mutex/Monitor currently owned by a thread: None

heap address: 0x00000000a0000000, size: 1536 MB, Compressed Oops mode: 32-bit
Narrow klass base: 0x0000000000000000, Narrow klass shift: 3
Compressed class space size: 1073741824 Address: 0x0000000100000000

Heap:
 PSYoungGen      total 115712K, used 31945K [0x00000000e0000000, 0x00000000e7f80000, 0x0000000100000000)
  eden space 102912K, 22% used [0x00000000e0000000,0x00000000e163a730,0x00000000e6480000)
  from space 12800K, 71% used [0x00000000e7180000,0x00000000e7a77cd0,0x00000000e7e00000)
  to   space 13312K, 0% used [0x00000000e6480000,0x00000000e6480000,0x00000000e7180000)
 ParOldGen       total 88064K, used 26644K [0x00000000a0000000, 0x00000000a5600000, 0x00000000e0000000)
  object space 88064K, 30% used [0x00000000a0000000,0x00000000a1a053b8,0x00000000a5600000)
 Metaspace       used 55981K, capacity 57382K, committed 57688K, reserved 1099776K
  class space    used 7615K, capacity 7970K, committed 8064K, reserved 1048576K

Card table byte_map: [0x0000000012320000,0x0000000012630000] byte_map_base: 0x0000000011e20000

Marking Bits: (ParMarkBitMap*) 0x00000000726b9f30
 Begin Bits: [0x0000000013030000, 0x0000000014830000)
 End Bits:   [0x0000000014830000, 0x0000000016030000)

Polling page: 0x0000000001340000

CodeCache: size=245760Kb used=16004Kb max_used=16017Kb free=229755Kb
 bounds [0x0000000002f60000, 0x0000000003f20000, 0x0000000011f60000]
 total_blobs=5662 nmethods=4881 adapters=695
 compilation: enabled

Compilation events (10 events):
Event: 23.370 Thread 0x0000000018b4e000 5348       1       com.sun.xml.bind.v2.model.impl.TypeRefImpl::getTagName (5 bytes)
Event: 23.370 Thread 0x0000000018b4e000 nmethod 5348 0x0000000003f0b390 code [0x0000000003f0b4e0, 0x0000000003f0b5f0]
Event: 23.375 Thread 0x0000000018b4e000 5349       3       com.sun.xml.bind.v2.util.QNameMap::hash (36 bytes)
Event: 23.376 Thread 0x0000000018b4e000 nmethod 5349 0x0000000003f0af50 code [0x0000000003f0b0c0, 0x0000000003f0b2c8]
Event: 23.412 Thread 0x0000000018b20800 nmethod 5333 0x0000000003f0fe10 code [0x0000000003f10020, 0x0000000003f112b0]
Event: 23.443 Thread 0x0000000016d2d000 nmethod 5332 0x0000000003f15b10 code [0x0000000003f15d60, 0x0000000003f17ea0]
Event: 23.462 Thread 0x0000000018b4e000 5351       3       java.lang.invoke.MethodType::parameterList (17 bytes)
Event: 23.464 Thread 0x0000000018b4e000 nmethod 5351 0x0000000003f09f10 code [0x0000000003f0a100, 0x0000000003f0aa38]
Event: 23.466 Thread 0x0000000018b4e000 5352       3       java.util.regex.Pattern$BmpCharProperty::match (50 bytes)
Event: 23.466 Thread 0x0000000018b4e000 nmethod 5352 0x0000000003f09750 code [0x0000000003f098e0, 0x0000000003f09d88]

GC Heap History (10 events):
Event: 14.338 GC heap before
{Heap before GC invocations=12 (full 1):
 PSYoungGen      total 69120K, used 38288K [0x00000000e0000000, 0x00000000e4f80000, 0x0000000100000000)
  eden space 59392K, 49% used [0x00000000e0000000,0x00000000e1cfab90,0x00000000e3a00000)
  from space 9728K, 88% used [0x00000000e4400000,0x00000000e4c69780,0x00000000e4d80000)
  to   space 10240K, 0% used [0x00000000e3a00000,0x00000000e3a00000,0x00000000e4400000)
 ParOldGen       total 59904K, used 8399K [0x00000000a0000000, 0x00000000a3a80000, 0x00000000e0000000)
  object space 59904K, 14% used [0x00000000a0000000,0x00000000a0833e10,0x00000000a3a80000)
 Metaspace       used 34589K, capacity 35232K, committed 35416K, reserved 1079296K
  class space    used 4752K, capacity 4933K, committed 4992K, reserved 1048576K
Event: 14.363 GC heap after
Heap after GC invocations=12 (full 1):
 PSYoungGen      total 69632K, used 7413K [0x00000000e0000000, 0x00000000e6200000, 0x0000000100000000)
  eden space 59392K, 0% used [0x00000000e0000000,0x00000000e0000000,0x00000000e3a00000)
  from space 10240K, 72% used [0x00000000e3a00000,0x00000000e413d500,0x00000000e4400000)
  to   space 10240K, 0% used [0x00000000e5800000,0x00000000e5800000,0x00000000e6200000)
 ParOldGen       total 59904K, used 10795K [0x00000000a0000000, 0x00000000a3a80000, 0x00000000e0000000)
  object space 59904K, 18% used [0x00000000a0000000,0x00000000a0a8ae30,0x00000000a3a80000)
 Metaspace       used 34589K, capacity 35232K, committed 35416K, reserved 1079296K
  class space    used 4752K, capacity 4933K, committed 4992K, reserved 1048576K
}
Event: 14.363 GC heap before
{Heap before GC invocations=13 (full 2):
 PSYoungGen      total 69632K, used 7413K [0x00000000e0000000, 0x00000000e6200000, 0x0000000100000000)
  eden space 59392K, 0% used [0x00000000e0000000,0x00000000e0000000,0x00000000e3a00000)
  from space 10240K, 72% used [0x00000000e3a00000,0x00000000e413d500,0x00000000e4400000)
  to   space 10240K, 0% used [0x00000000e5800000,0x00000000e5800000,0x00000000e6200000)
 ParOldGen       total 59904K, used 10795K [0x00000000a0000000, 0x00000000a3a80000, 0x00000000e0000000)
  object space 59904K, 18% used [0x00000000a0000000,0x00000000a0a8ae30,0x00000000a3a80000)
 Metaspace       used 34589K, capacity 35232K, committed 35416K, reserved 1079296K
  class space    used 4752K, capacity 4933K, committed 4992K, reserved 1048576K
Event: 14.428 GC heap after
Heap after GC invocations=13 (full 2):
 PSYoungGen      total 69632K, used 0K [0x00000000e0000000, 0x00000000e6200000, 0x0000000100000000)
  eden space 59392K, 0% used [0x00000000e0000000,0x00000000e0000000,0x00000000e3a00000)
  from space 10240K, 0% used [0x00000000e3a00000,0x00000000e3a00000,0x00000000e4400000)
  to   space 10240K, 0% used [0x00000000e5800000,0x00000000e5800000,0x00000000e6200000)
 ParOldGen       total 88064K, used 16435K [0x00000000a0000000, 0x00000000a5600000, 0x00000000e0000000)
  object space 88064K, 18% used [0x00000000a0000000,0x00000000a100cde8,0x00000000a5600000)
 Metaspace       used 34589K, capacity 35232K, committed 35416K, reserved 1079296K
  class space    used 4752K, capacity 4933K, committed 4992K, reserved 1048576K
}
Event: 17.422 GC heap before
{Heap before GC invocations=14 (full 2):
 PSYoungGen      total 69632K, used 59333K [0x00000000e0000000, 0x00000000e6200000, 0x0000000100000000)
  eden space 59392K, 99% used [0x00000000e0000000,0x00000000e39f1678,0x00000000e3a00000)
  from space 10240K, 0% used [0x00000000e3a00000,0x00000000e3a00000,0x00000000e4400000)
  to   space 10240K, 0% used [0x00000000e5800000,0x00000000e5800000,0x00000000e6200000)
 ParOldGen       total 88064K, used 16435K [0x00000000a0000000, 0x00000000a5600000, 0x00000000e0000000)
  object space 88064K, 18% used [0x00000000a0000000,0x00000000a100cde8,0x00000000a5600000)
 Metaspace       used 42271K, capacity 43084K, committed 43352K, reserved 1087488K
  class space    used 5717K, capacity 5936K, committed 6016K, reserved 1048576K
Event: 17.443 GC heap after
Heap after GC invocations=14 (full 2):
 PSYoungGen      total 89088K, used 9374K [0x00000000e0000000, 0x00000000e6300000, 0x0000000100000000)
  eden space 78848K, 0% used [0x00000000e0000000,0x00000000e0000000,0x00000000e4d00000)
  from space 10240K, 91% used [0x00000000e5800000,0x00000000e61279c0,0x00000000e6200000)
  to   space 11264K, 0% used [0x00000000e4d00000,0x00000000e4d00000,0x00000000e5800000)
 ParOldGen       total 88064K, used 16443K [0x00000000a0000000, 0x00000000a5600000, 0x00000000e0000000)
  object space 88064K, 18% used [0x00000000a0000000,0x00000000a100ede8,0x00000000a5600000)
 Metaspace       used 42271K, capacity 43084K, committed 43352K, reserved 1087488K
  class space    used 5717K, capacity 5936K, committed 6016K, reserved 1048576K
}
Event: 20.116 GC heap before
{Heap before GC invocations=15 (full 2):
 PSYoungGen      total 89088K, used 88222K [0x00000000e0000000, 0x00000000e6300000, 0x0000000100000000)
  eden space 78848K, 100% used [0x00000000e0000000,0x00000000e4d00000,0x00000000e4d00000)
  from space 10240K, 91% used [0x00000000e5800000,0x00000000e61279c0,0x00000000e6200000)
  to   space 11264K, 0% used [0x00000000e4d00000,0x00000000e4d00000,0x00000000e5800000)
 ParOldGen       total 88064K, used 16443K [0x00000000a0000000, 0x00000000a5600000, 0x00000000e0000000)
  object space 88064K, 18% used [0x00000000a0000000,0x00000000a100ede8,0x00000000a5600000)
 Metaspace       used 48092K, capacity 49196K, committed 49368K, reserved 1091584K
  class space    used 6497K, capacity 6785K, committed 6912K, reserved 1048576K
Event: 20.132 GC heap after
Heap after GC invocations=15 (full 2):
 PSYoungGen      total 90112K, used 11239K [0x00000000e0000000, 0x00000000e7e00000, 0x0000000100000000)
  eden space 78848K, 0% used [0x00000000e0000000,0x00000000e0000000,0x00000000e4d00000)
  from space 11264K, 99% used [0x00000000e4d00000,0x00000000e57f9c40,0x00000000e5800000)
  to   space 12800K, 0% used [0x00000000e7180000,0x00000000e7180000,0x00000000e7e00000)
 ParOldGen       total 88064K, used 18102K [0x00000000a0000000, 0x00000000a5600000, 0x00000000e0000000)
  object space 88064K, 20% used [0x00000000a0000000,0x00000000a11adb10,0x00000000a5600000)
 Metaspace       used 48092K, capacity 49196K, committed 49368K, reserved 1091584K
  class space    used 6497K, capacity 6785K, committed 6912K, reserved 1048576K
}
Event: 23.035 GC heap before
{Heap before GC invocations=16 (full 2):
 PSYoungGen      total 90112K, used 90087K [0x00000000e0000000, 0x00000000e7e00000, 0x0000000100000000)
  eden space 78848K, 100% used [0x00000000e0000000,0x00000000e4d00000,0x00000000e4d00000)
  from space 11264K, 99% used [0x00000000e4d00000,0x00000000e57f9c40,0x00000000e5800000)
  to   space 12800K, 0% used [0x00000000e7180000,0x00000000e7180000,0x00000000e7e00000)
 ParOldGen       total 88064K, used 18102K [0x00000000a0000000, 0x00000000a5600000, 0x00000000e0000000)
  object space 88064K, 20% used [0x00000000a0000000,0x00000000a11adb10,0x00000000a5600000)
 Metaspace       used 54519K, capacity 55864K, committed 56152K, reserved 1097728K
  class space    used 7356K, capacity 7695K, committed 7808K, reserved 1048576K
Event: 23.066 GC heap after
Heap after GC invocations=16 (full 2):
 PSYoungGen      total 115712K, used 9183K [0x00000000e0000000, 0x00000000e7f80000, 0x0000000100000000)
  eden space 102912K, 0% used [0x00000000e0000000,0x00000000e0000000,0x00000000e6480000)
  from space 12800K, 71% used [0x00000000e7180000,0x00000000e7a77cd0,0x00000000e7e00000)
  to   space 13312K, 0% used [0x00000000e6480000,0x00000000e6480000,0x00000000e7180000)
 ParOldGen       total 88064K, used 26644K [0x00000000a0000000, 0x00000000a5600000, 0x00000000e0000000)
  object space 88064K, 30% used [0x00000000a0000000,0x00000000a1a053b8,0x00000000a5600000)
 Metaspace       used 54519K, capacity 55864K, committed 56152K, reserved 1097728K
  class space    used 7356K, capacity 7695K, committed 7808K, reserved 1048576K
}

Deoptimization events (10 events):
Event: 19.962 Thread 0x0000000018dfe000 Uncommon trap: reason=unstable_if action=reinterpret pc=0x0000000003540204 method=java.lang.String.lastIndexOf([CII[CIII)I @ 17
Event: 20.378 Thread 0x0000000018dfe000 Uncommon trap: reason=unstable_if action=reinterpret pc=0x0000000003bfa1c8 method=kotlin.reflect.jvm.internal.impl.protobuf.CodedInputStream.readRawVarint32()I @ 10
Event: 21.541 Thread 0x0000000018dfe000 Uncommon trap: reason=unstable_if action=reinterpret pc=0x00000000039932b8 method=java.io.WinNTFileSystem.normalize(Ljava/lang/String;)Ljava/lang/String; @ 74
Event: 22.859 Thread 0x0000000018dfe000 Uncommon trap: reason=bimorphic action=maybe_recompile pc=0x0000000003d83900 method=java.util.regex.Pattern$5.isSatisfiedBy(I)Z @ 16
Event: 22.859 Thread 0x0000000018dfe000 Uncommon trap: reason=bimorphic action=maybe_recompile pc=0x0000000003d83900 method=java.util.regex.Pattern$5.isSatisfiedBy(I)Z @ 16
Event: 22.859 Thread 0x0000000018dfe000 Uncommon trap: reason=bimorphic action=maybe_recompile pc=0x0000000003d83900 method=java.util.regex.Pattern$5.isSatisfiedBy(I)Z @ 16
Event: 22.859 Thread 0x0000000018dfe000 Uncommon trap: reason=bimorphic action=maybe_recompile pc=0x0000000003d83900 method=java.util.regex.Pattern$5.isSatisfiedBy(I)Z @ 16
Event: 23.268 Thread 0x0000000018dfe000 Uncommon trap: reason=unstable_if action=reinterpret pc=0x000000000359dee4 method=sun.misc.MetaIndex.mayContain(Ljava/lang/String;)Z @ 38
Event: 23.269 Thread 0x0000000018dfe000 Uncommon trap: reason=unstable_if action=reinterpret pc=0x000000000350d164 method=java.io.DataInputStream.readUTF(Ljava/io/DataInput;)Ljava/lang/String; @ 31
Event: 23.466 Thread 0x0000000018dfe000 Uncommon trap: reason=unstable_if action=reinterpret pc=0x000000000355c368 method=java.util.regex.Pattern$BmpCharProperty.match(Ljava/util/regex/Matcher;ILjava/lang/CharSequence;)Z @ 34

Classes redefined (0 events):
No events

Internal exceptions (10 events):
Event: 19.713 Thread 0x0000000018dfe000 Exception <a 'java/lang/NoSuchMethodError': java.lang.Object.lambda$thenComparing$36697e65$1(Ljava/util/Comparator;Ljava/lang/Object;Ljava/lang/Object;)I> (0x00000000e42b7a18) thrown at [D:\src\AOSP-openjdk-cygwin\jdk8u\hotspot\src\share\vm\interpreter\li
Event: 19.716 Thread 0x0000000018dfe000 Exception <a 'java/lang/NoSuchMethodError': java.lang.Object.lambda$comparing$ea9a8b3a$1(Ljava/util/Comparator;Ljava/util/function/Function;Ljava/lang/Object;Ljava/lang/Object;)I> (0x00000000e42c54c8) thrown at [D:\src\AOSP-openjdk-cygwin\jdk8u\hotspot\sr
Event: 21.391 Thread 0x0000000018dfe000 Exception <a 'java/lang/ClassNotFoundException': com/android/build/gradle/internal/api/ApkVariantOutputImpl_DecoratedBeanInfo> (0x00000000e2a0e658) thrown at [D:\src\AOSP-openjdk-cygwin\jdk8u\hotspot\src\share\vm\classfile\systemDictionary.cpp, line 210]
Event: 21.392 Thread 0x0000000018dfe000 Exception <a 'java/lang/ClassNotFoundException': com/android/build/gradle/internal/api/ApkVariantOutputImplBeanInfo> (0x00000000e2a28d20) thrown at [D:\src\AOSP-openjdk-cygwin\jdk8u\hotspot\src\share\vm\classfile\systemDictionary.cpp, line 210]
Event: 21.392 Thread 0x0000000018dfe000 Exception <a 'java/lang/ClassNotFoundException': com/android/build/gradle/internal/api/BaseVariantOutputImplBeanInfo> (0x00000000e2a44488) thrown at [D:\src\AOSP-openjdk-cygwin\jdk8u\hotspot\src\share\vm\classfile\systemDictionary.cpp, line 210]
Event: 21.393 Thread 0x0000000018dfe000 Exception <a 'java/lang/ClassNotFoundException': com/android/build/gradle/internal/api/BaseVariantOutputImplCustomizer> (0x00000000e2a5fff8) thrown at [D:\src\AOSP-openjdk-cygwin\jdk8u\hotspot\src\share\vm\classfile\systemDictionary.cpp, line 210]
Event: 21.393 Thread 0x0000000018dfe000 Exception <a 'java/lang/ClassNotFoundException': com/android/build/gradle/internal/api/ApkVariantOutputImplCustomizer> (0x00000000e2a95a28) thrown at [D:\src\AOSP-openjdk-cygwin\jdk8u\hotspot\src\share\vm\classfile\systemDictionary.cpp, line 210]
Event: 21.394 Thread 0x0000000018dfe000 Exception <a 'java/lang/ClassNotFoundException': com/android/build/gradle/internal/api/ApkVariantOutputImpl_DecoratedCustomizer> (0x00000000e2ac6580) thrown at [D:\src\AOSP-openjdk-cygwin\jdk8u\hotspot\src\share\vm\classfile\systemDictionary.cpp, line 210
Event: 22.898 Thread 0x0000000018dfe000 Exception <a 'java/lang/ClassNotFoundException': com/sun/org/glassfish/hk2/osgiresourcelocator/ServiceLoader> (0x00000000e46d6ec0) thrown at [D:\src\AOSP-openjdk-cygwin\jdk8u\hotspot\src\share\vm\classfile\systemDictionary.cpp, line 210]
Event: 23.002 Thread 0x0000000018dfe000 Exception <a 'java/lang/NullPointerException'> (0x00000000e4ba49d8) thrown at [D:\src\AOSP-openjdk-cygwin\jdk8u\hotspot\src\share\vm\interpreter\linkResolver.cpp, line 1287]

Events (10 events):
Event: 23.466 Thread 0x0000000018dfe000 Uncommon trap: trap_request=0xffffff65 fr.pc=0x000000000355c368
Event: 23.466 Thread 0x0000000018dfe000 DEOPT PACKING pc=0x000000000355c368 sp=0x000000001c13b4c0
Event: 23.466 Thread 0x0000000018dfe000 DEOPT UNPACKING pc=0x0000000002fa557b sp=0x000000001c13b478 mode 2
Event: 23.467 loading class com/sun/xml/bind/v2/runtime/unmarshaller/SAXConnector
Event: 23.467 loading class com/sun/xml/bind/v2/runtime/unmarshaller/SAXConnector done
Event: 23.468 loading class com/sun/xml/bind/v2/runtime/unmarshaller/TagName
Event: 23.468 loading class com/sun/xml/bind/v2/runtime/unmarshaller/TagName done
Event: 23.468 loading class com/sun/xml/bind/v2/runtime/unmarshaller/SAXConnector$TagNameImpl
Event: 23.468 loading class com/sun/xml/bind/v2/runtime/unmarshaller/SAXConnector$TagNameImpl done
Event: 23.469 loading class org/xml/sax/ext/EntityResolver2


Dynamic libraries:
0x00007ff650d20000 - 0x00007ff650d51000 	C:\Program Files\Android\Android Studio\jre\bin\java.exe
0x00007ffdef140000 - 0x00007ffdef330000 	C:\WINDOWS\SYSTEM32\ntdll.dll
0x00007ffdd8f80000 - 0x00007ffdd8f94000 	C:\Program Files\AVAST Software\Avast\aswhook.dll
0x00007ffdee730000 - 0x00007ffdee7e2000 	C:\WINDOWS\System32\KERNEL32.DLL
0x00007ffdec2c0000 - 0x00007ffdec563000 	C:\WINDOWS\System32\KERNELBASE.dll
0x00007ffdee890000 - 0x00007ffdee933000 	C:\WINDOWS\System32\ADVAPI32.dll
0x00007ffdedc70000 - 0x00007ffdedd0e000 	C:\WINDOWS\System32\msvcrt.dll
0x00007ffdee7f0000 - 0x00007ffdee887000 	C:\WINDOWS\System32\sechost.dll
0x00007ffdee4d0000 - 0x00007ffdee5f0000 	C:\WINDOWS\System32\RPCRT4.dll
0x00007ffdeeaf0000 - 0x00007ffdeec84000 	C:\WINDOWS\System32\USER32.dll
0x00007ffdec1f0000 - 0x00007ffdec211000 	C:\WINDOWS\System32\win32u.dll
0x00007ffdeef00000 - 0x00007ffdeef26000 	C:\WINDOWS\System32\GDI32.dll
0x00007ffded050000 - 0x00007ffded1e4000 	C:\WINDOWS\System32\gdi32full.dll
0x00007ffdec220000 - 0x00007ffdec2be000 	C:\WINDOWS\System32\msvcp_win.dll
0x00007ffdec0d0000 - 0x00007ffdec1ca000 	C:\WINDOWS\System32\ucrtbase.dll
0x00007ffde1c20000 - 0x00007ffde1ea5000 	C:\WINDOWS\WinSxS\amd64_microsoft.windows.common-controls_6595b64144ccf1df_6.0.18362.476_none_e6c4b11b130f2595\COMCTL32.dll
0x00007ffded930000 - 0x00007ffdedc66000 	C:\WINDOWS\System32\combase.dll
0x00007ffdec570000 - 0x00007ffdec5f0000 	C:\WINDOWS\System32\bcryptPrimitives.dll
0x00007ffdeeed0000 - 0x00007ffdeeefe000 	C:\WINDOWS\System32\IMM32.DLL
0x0000000071340000 - 0x0000000071412000 	C:\Program Files\Android\Android Studio\jre\jre\bin\msvcr100.dll
0x0000000071ef0000 - 0x0000000072736000 	C:\Program Files\Android\Android Studio\jre\jre\bin\server\jvm.dll
0x00007ffded290000 - 0x00007ffded298000 	C:\WINDOWS\System32\PSAPI.DLL
0x00007ffdde4d0000 - 0x00007ffdde4d9000 	C:\WINDOWS\SYSTEM32\WSOCK32.dll
0x00007ffdee460000 - 0x00007ffdee4cf000 	C:\WINDOWS\System32\WS2_32.dll
0x00007ffde9d00000 - 0x00007ffde9d24000 	C:\WINDOWS\SYSTEM32\WINMM.dll
0x00007ffde6700000 - 0x00007ffde670a000 	C:\WINDOWS\SYSTEM32\VERSION.dll
0x00007ffde9cd0000 - 0x00007ffde9cfd000 	C:\WINDOWS\SYSTEM32\WINMMBASE.dll
0x00007ffded000000 - 0x00007ffded04a000 	C:\WINDOWS\System32\cfgmgr32.dll
0x00007ffde8a90000 - 0x00007ffde8a9f000 	C:\Program Files\Android\Android Studio\jre\jre\bin\verify.dll
0x00007ffde6d70000 - 0x00007ffde6d99000 	C:\Program Files\Android\Android Studio\jre\jre\bin\java.dll
0x00007ffde6e90000 - 0x00007ffde6ea6000 	C:\Program Files\Android\Android Studio\jre\jre\bin\zip.dll
0x00007ffdedd10000 - 0x00007ffdee3f5000 	C:\WINDOWS\System32\SHELL32.dll
0x00007ffdeecf0000 - 0x00007ffdeed99000 	C:\WINDOWS\System32\shcore.dll
0x00007ffdec740000 - 0x00007ffdecebe000 	C:\WINDOWS\System32\windows.storage.dll
0x00007ffdec0b0000 - 0x00007ffdec0cf000 	C:\WINDOWS\System32\profapi.dll
0x00007ffdec040000 - 0x00007ffdec08a000 	C:\WINDOWS\System32\powrprof.dll
0x00007ffdec010000 - 0x00007ffdec020000 	C:\WINDOWS\System32\UMPDC.dll
0x00007ffdee400000 - 0x00007ffdee452000 	C:\WINDOWS\System32\shlwapi.dll
0x00007ffdec020000 - 0x00007ffdec031000 	C:\WINDOWS\System32\kernel.appcore.dll
0x00007ffdec1d0000 - 0x00007ffdec1e7000 	C:\WINDOWS\System32\cryptsp.dll
0x00007ffdded20000 - 0x00007ffdded3a000 	C:\Program Files\Android\Android Studio\jre\jre\bin\net.dll
0x00007ffdeb820000 - 0x00007ffdeb887000 	C:\WINDOWS\system32\mswsock.dll
0x00007ffddebd0000 - 0x00007ffddebe1000 	C:\Program Files\Android\Android Studio\jre\jre\bin\nio.dll
0x00007ffddf050000 - 0x00007ffddf076000 	C:\Users\Pooja\.gradle\native\29\windows-amd64\native-platform.dll
0x00007ffde77c0000 - 0x00007ffde77cd000 	C:\Program Files\Android\Android Studio\jre\jre\bin\management.dll
0x00007ffdeb390000 - 0x00007ffdeb3c3000 	C:\WINDOWS\system32\rsaenh.dll
0x00007ffdecec0000 - 0x00007ffdecee6000 	C:\WINDOWS\System32\bcrypt.dll
0x00007ffdebf30000 - 0x00007ffdebf55000 	C:\WINDOWS\SYSTEM32\USERENV.dll
0x00007ffdeb9f0000 - 0x00007ffdeb9fc000 	C:\WINDOWS\SYSTEM32\CRYPTBASE.dll
0x00007ffdeb530000 - 0x00007ffdeb56a000 	C:\WINDOWS\SYSTEM32\IPHLPAPI.DLL
0x00007ffdee5f0000 - 0x00007ffdee5f8000 	C:\WINDOWS\System32\NSI.dll
0x00007ffde4a70000 - 0x00007ffde4a86000 	C:\WINDOWS\SYSTEM32\dhcpcsvc6.DLL
0x00007ffde50c0000 - 0x00007ffde50dc000 	C:\WINDOWS\SYSTEM32\dhcpcsvc.DLL
0x00007ffdeb5d0000 - 0x00007ffdeb69a000 	C:\WINDOWS\SYSTEM32\DNSAPI.dll
0x00007ffde5360000 - 0x00007ffde5554000 	C:\WINDOWS\SYSTEM32\dbghelp.dll

VM Arguments:
jvm_args: -Xmx1536m -Dfile.encoding=windows-1252 -Duser.country=IN -Duser.language=en -Duser.variant 
java_command: org.gradle.launcher.daemon.bootstrap.GradleDaemon 5.4.1
java_class_path (initial): C:\Users\Pooja\.gradle\wrapper\dists\gradle-5.4.1-all\3221gyojl5jsh0helicew7rwx\gradle-5.4.1\lib\gradle-launcher-5.4.1.jar
Launcher Type: SUN_STANDARD

Environment Variables:
PATH=C:\WINDOWS\system32;C:\WINDOWS;C:\WINDOWS\System32\Wbem;C:\WINDOWS\System32\WindowsPowerShell\v1.0\;C:\Program Files\Git\cmd;C:\WINDOWS\System32\OpenSSH\;C:\Users\Pooja\AppData\Local\Microsoft\WindowsApps;
USERNAME=Pooja
OS=Windows_NT
PROCESSOR_IDENTIFIER=AMD64 Family 23 Model 17 Stepping 0, AuthenticAMD



---------------  S Y S T E M  ---------------

OS: Windows 10.0 , 64 bit Build 18362 (10.0.18362.329)

CPU:total 8 (initial active 8) (8 cores per cpu, 1 threads per core) family 23 model 17 stepping 0, cmov, cx8, fxsr, mmx, sse, sse2, sse3, ssse3, sse4.1, sse4.2, popcnt, avx, avx2, aes, clmul, mmxext, 3dnowpref, lzcnt, sse4a, tsc, tscinvbit, tscinv, bmi1

Memory: 4k page, physical 8016248k(1927152k free), swap 12472696k(4477744k free)

vm_info: OpenJDK 64-Bit Server VM (25.202-b03) for windows-amd64 JRE (1.8.0_202-release-1483-b03), built by "builder" with MS VC++ 10.0 (VS2010)

time: Fri Nov 29 10:59:56 2019
timezone: India Standard Time
elapsed time: 23 seconds (0d 0h 0m 23s)

